<?xml version="1.0" encoding="UTF-8"?>
<!-- Generated by org.testng.reporters.JUnitReportReporter -->
<testsuite hostname="DESKTOP-OGE7II3" failures="0" tests="2" name="com.Test.ROSA.Practice" time="8.716" errors="0" timestamp="2024-04-10T13:12:33 IST" skipped="0">
  <testcase classname="com.Test.ROSA.Practice" name="testscript3_Test" time="5.610"/>
  <system-out/>
  <testcase classname="com.Test.ROSA.Practice" name="testscript4_Test" time="3.106"/>
  <system-out/>
</testsuite> <!-- com.Test.ROSA.Practice -->
