<?xml version="1.0" encoding="UTF-8"?>
<!-- Generated by org.testng.reporters.JUnitReportReporter -->
<testsuite hostname="DESKTOP-OGE7II3" failures="0" tests="8" name="learnTestNg.TestNgExecution" time="0.042" errors="0" timestamp="2024-04-05T17:15:09 IST" skipped="1">
  <testcase classname="learnTestNg.TestNgExecution" name="payment" time="0.004"/>
  <system-out/>
  <testcase classname="learnTestNg.TestNgExecution" name="addToCart" time="0.012"/>
  <system-out/>
  <testcase classname="learnTestNg.TestNgExecution" name="product" time="0.007"/>
  <system-out/>
  <testcase classname="learnTestNg.TestNgExecution" name="logout" time="0.006"/>
  <system-out/>
  <testcase classname="learnTestNg.TestNgExecution" name="logout" time="0.005"/>
  <system-out/>
  <testcase classname="learnTestNg.TestNgExecution" name="logout" time="0.005"/>
  <system-out/>
  <testcase classname="learnTestNg.TestNgExecution" name="logout" time="0.003"/>
  <system-out/>
  <testcase classname="learnTestNg.TestNgExecution" name="home">
    <skipped/>
  </testcase> <!-- home -->
  <system-out/>
</testsuite> <!-- learnTestNg.TestNgExecution -->
