<?xml version="1.0" encoding="UTF-8"?>
<!-- Generated by org.testng.reporters.JUnitReportReporter -->
<testsuite hostname="DESKTOP-OGE7II3" failures="0" tests="2" name="com.Test.ROSA.Demo1" time="5.935" errors="0" timestamp="2024-04-10T13:12:33 IST" skipped="0">
  <testcase classname="com.Test.ROSA.Demo1" name="testscript1_Test" time="2.052"/>
  <system-out/>
  <testcase classname="com.Test.ROSA.Demo1" name="testscript2_Test" time="3.883"/>
  <system-out/>
</testsuite> <!-- com.Test.ROSA.Demo1 -->
