<?xml version="1.0" encoding="UTF-8"?>
<!-- Generated by org.testng.reporters.JUnitReportReporter -->
<testsuite hostname="DESKTOP-OGE7II3" failures="0" tests="1" name="mavenexecutethroghcmd.CmdLineTest" time="0.033" errors="0" timestamp="2024-03-28T15:44:23 IST" skipped="0">
  <testcase classname="mavenexecutethroghcmd.CmdLineTest" name="newTest" time="0.033"/>
</testsuite> <!-- mavenexecutethroghcmd.CmdLineTest -->
