<?xml version="1.0" encoding="UTF-8"?>
<!-- Generated by org.testng.reporters.JUnitReportReporter -->
<testsuite hostname="DESKTOP-OGE7II3" failures="0" tests="2" name="learnTestNg.DataProviderConcept" time="0.011" errors="0" timestamp="2024-04-05T18:10:09 IST" skipped="0">
  <testcase classname="learnTestNg.DataProviderConcept" name="orgDetails" time="0.009"/>
  <system-out/>
  <testcase classname="learnTestNg.DataProviderConcept" name="orgDetails" time="0.002"/>
  <system-out/>
</testsuite> <!-- learnTestNg.DataProviderConcept -->
