<?xml version="1.0" encoding="UTF-8"?>
<!-- Generated by org.testng.reporters.JUnitReportReporter -->
<testsuite hostname="DESKTOP-OGE7II3" failures="0" tests="4" name="com.Test.Demo.Demo1" time="20.752" errors="0" timestamp="2024-04-10T17:27:31 IST" skipped="0">
  <testcase classname="com.Test.Demo.Demo1" name="testscript1_Test" time="5.093"/>
  <system-out/>
  <testcase classname="com.Test.Demo.Demo1" name="testscript1_Test" time="3.313"/>
  <system-out/>
  <testcase classname="com.Test.Demo.Demo1" name="testscript2_Test" time="10.398"/>
  <system-out/>
  <testcase classname="com.Test.Demo.Demo1" name="testscript2_Test" time="1.948"/>
  <system-out/>
</testsuite> <!-- com.Test.Demo.Demo1 -->
