<?xml version="1.0" encoding="UTF-8"?>
<!-- Generated by org.testng.reporters.JUnitReportReporter -->
<testsuite hostname="DESKTOP-OGE7II3" failures="0" tests="1" name="mavenexecutethroghcmd.ExecuteMavenProgramUsingCommandTest" time="0.019" errors="0" timestamp="2024-03-28T14:48:57 IST" skipped="0">
  <testcase classname="mavenexecutethroghcmd.ExecuteMavenProgramUsingCommandTest" name="mavenTest" time="0.019"/>
  <system-out/>
</testsuite> <!-- mavenexecutethroghcmd.ExecuteMavenProgramUsingCommandTest -->
