<?xml version="1.0" encoding="UTF-8"?>
<!-- Generated by org.testng.reporters.JUnitReportReporter -->
<testsuite hostname="DESKTOP-OGE7II3" failures="0" tests="2" name="com.Test.ROSA.Sample" time="5.908" errors="0" timestamp="2024-04-10T13:12:33 IST" skipped="0">
  <testcase classname="com.Test.ROSA.Sample" name="testscript6_Test" time="1.830"/>
  <system-out/>
  <testcase classname="com.Test.ROSA.Sample" name="testscript5_Test" time="4.078"/>
  <system-out/>
</testsuite> <!-- com.Test.ROSA.Sample -->
