<?xml version="1.0" encoding="UTF-8"?>
<!-- Generated by org.testng.reporters.JUnitReportReporter -->
<testsuite hostname="DESKTOP-OGE7II3" failures="0" tests="2" name="com.Test.Demo.Practice" time="8.162" errors="0" timestamp="2024-04-10T17:27:31 IST" skipped="0">
  <testcase classname="com.Test.Demo.Practice" name="testscript3_Test" time="5.912"/>
  <system-out/>
  <testcase classname="com.Test.Demo.Practice" name="testscript4_Test" time="2.250"/>
  <system-out/>
</testsuite> <!-- com.Test.Demo.Practice -->
